# JRE version: Java(TM) SE Runtime Environment (8.0_60-b27) (build 1.8.0_60-b27)
# Java VM: Java HotSpot(TM) 64-Bit Server VM (25.60-b23 mixed mode windows-amd64 compressed oops)
Heap:
 PSYoungGen      total 147968K, used 12125K [0x00000000eab00000, 0x00000000f5880000, 0x0000000100000000)
  eden space 133120K, 0% used [0x00000000eab00000,0x00000000eab00000,0x00000000f2d00000)
  from space 14848K, 81% used [0x00000000f3d00000,0x00000000f48d7490,0x00000000f4b80000)
  to   space 16384K, 0% used [0x00000000f2d00000,0x00000000f2d00000,0x00000000f3d00000)
 ParOldGen       total 75264K, used 14820K [0x00000000c0000000, 0x00000000c4980000, 0x00000000eab00000)
  object space 75264K, 19% used [0x00000000c0000000,0x00000000c0e79088,0x00000000c4980000)
 Metaspace       used 34340K, capacity 35392K, committed 35416K, reserved 1079296K
  class space    used 4585K, capacity 4988K, committed 4992K, reserved 1048576K
GC Heap History (10 events):
Event: 22.940 GC heap after
Heap after GC invocations=11 (full 1):
 PSYoungGen      total 86528K, used 3040K [0x00000000eab00000, 0x00000000f0a80000, 0x0000000100000000)
  eden space 75776K, 0% used [0x00000000eab00000,0x00000000eab00000,0x00000000ef500000)
  from space 10752K, 28% used [0x00000000eff00000,0x00000000f01f8040,0x00000000f0980000)
  to   space 10240K, 0% used [0x00000000ef500000,0x00000000ef500000,0x00000000eff00000)
 ParOldGen       total 75264K, used 8002K [0x00000000c0000000, 0x00000000c4980000, 0x00000000eab00000)
  object space 75264K, 10% used [0x00000000c0000000,0x00000000c07d08b8,0x00000000c4980000)
 Metaspace       used 23423K, capacity 24086K, committed 24320K, reserved 1071104K
  class space    used 3048K, capacity 3277K, committed 3328K, reserved 1048576K
}
Event: 23.229 GC heap before
{Heap before GC invocations=12 (full 1):
 PSYoungGen      total 86528K, used 78816K [0x00000000eab00000, 0x00000000f0a80000, 0x0000000100000000)
  eden space 75776K, 100% used [0x00000000eab00000,0x00000000ef500000,0x00000000ef500000)
  from space 10752K, 28% used [0x00000000eff00000,0x00000000f01f8040,0x00000000f0980000)
  to   space 10240K, 0% used [0x00000000ef500000,0x00000000ef500000,0x00000000eff00000)
 ParOldGen       total 75264K, used 8002K [0x00000000c0000000, 0x00000000c4980000, 0x00000000eab00000)
  object space 75264K, 10% used [0x00000000c0000000,0x00000000c07d08b8,0x00000000c4980000)
 Metaspace       used 23424K, capacity 24086K, committed 24320K, reserved 1071104K
  class space    used 3048K, capacity 3277K, committed 3328K, reserved 1048576K
Event: 23.236 GC heap after
Heap after GC invocations=12 (full 1):
 PSYoungGen      total 86016K, used 3536K [0x00000000eab00000, 0x00000000f2300000, 0x0000000100000000)
  eden space 75776K, 0% used [0x00000000eab00000,0x00000000eab00000,0x00000000ef500000)
  from space 10240K, 34% used [0x00000000ef500000,0x00000000ef874050,0x00000000eff00000)
  to   space 9728K, 0% used [0x00000000f1980000,0x00000000f1980000,0x00000000f2300000)
 ParOldGen       total 75264K, used 8002K [0x00000000c0000000, 0x00000000c4980000, 0x00000000eab00000)
  object space 75264K, 10% used [0x00000000c0000000,0x00000000c07d08b8,0x00000000c4980000)
 Metaspace       used 23424K, capacity 24086K, committed 24320K, reserved 1071104K
  class space    used 3048K, capacity 3277K, committed 3328K, reserved 1048576K
}
Event: 24.643 GC heap before
{Heap before GC invocations=13 (full 1):
 PSYoungGen      total 86016K, used 79312K [0x00000000eab00000, 0x00000000f2300000, 0x0000000100000000)
  eden space 75776K, 100% used [0x00000000eab00000,0x00000000ef500000,0x00000000ef500000)
  from space 10240K, 34% used [0x00000000ef500000,0x00000000ef874050,0x00000000eff00000)
  to   space 9728K, 0% used [0x00000000f1980000,0x00000000f1980000,0x00000000f2300000)
 ParOldGen       total 75264K, used 8002K [0x00000000c0000000, 0x00000000c4980000, 0x00000000eab00000)
  object space 75264K, 10% used [0x00000000c0000000,0x00000000c07d08b8,0x00000000c4980000)
 Metaspace       used 25586K, capacity 26396K, committed 26496K, reserved 1073152K
  class space    used 3384K, capacity 3688K, committed 3712K, reserved 1048576K
Event: 24.654 GC heap after
Heap after GC invocations=13 (full 1):
 PSYoungGen      total 111616K, used 8557K [0x00000000eab00000, 0x00000000f2380000, 0x0000000100000000)
  eden space 101888K, 0% used [0x00000000eab00000,0x00000000eab00000,0x00000000f0e80000)
  from space 9728K, 87% used [0x00000000f1980000,0x00000000f21db638,0x00000000f2300000)
  to   space 10752K, 0% used [0x00000000f0e80000,0x00000000f0e80000,0x00000000f1900000)
 ParOldGen       total 75264K, used 8506K [0x00000000c0000000, 0x00000000c4980000, 0x00000000eab00000)
  object space 75264K, 11% used [0x00000000c0000000,0x00000000c084e8f8,0x00000000c4980000)
 Metaspace       used 25586K, capacity 26396K, committed 26496K, reserved 1073152K
  class space    used 3384K, capacity 3688K, committed 3712K, reserved 1048576K
}
Event: 27.362 GC heap before
{Heap before GC invocations=14 (full 1):
 PSYoungGen      total 111616K, used 110445K [0x00000000eab00000, 0x00000000f2380000, 0x0000000100000000)
  eden space 101888K, 100% used [0x00000000eab00000,0x00000000f0e80000,0x00000000f0e80000)
  from space 9728K, 87% used [0x00000000f1980000,0x00000000f21db638,0x00000000f2300000)
  to   space 10752K, 0% used [0x00000000f0e80000,0x00000000f0e80000,0x00000000f1900000)
 ParOldGen       total 75264K, used 8506K [0x00000000c0000000, 0x00000000c4980000, 0x00000000eab00000)
  object space 75264K, 11% used [0x00000000c0000000,0x00000000c084e8f8,0x00000000c4980000)
 Metaspace       used 33090K, capacity 34164K, committed 34304K, reserved 1079296K
  class space    used 4415K, capacity 4814K, committed 4864K, reserved 1048576K
Event: 27.377 GC heap after
Heap after GC invocations=14 (full 1):
 PSYoungGen      total 112640K, used 10751K [0x00000000eab00000, 0x00000000f4b80000, 0x0000000100000000)
  eden space 101888K, 0% used [0x00000000eab00000,0x00000000eab00000,0x00000000f0e80000)
  from space 10752K, 99% used [0x00000000f0e80000,0x00000000f18ffd78,0x00000000f1900000)
  to   space 14848K, 0% used [0x00000000f3d00000,0x00000000f3d00000,0x00000000f4b80000)
 ParOldGen       total 75264K, used 14204K [0x00000000c0000000, 0x00000000c4980000, 0x00000000eab00000)
  object space 75264K, 18% used [0x00000000c0000000,0x00000000c0ddf068,0x00000000c4980000)
 Metaspace       used 33090K, capacity 34164K, committed 34304K, reserved 1079296K
  class space    used 4415K, capacity 4814K, committed 4864K, reserved 1048576K
}
Event: 27.612 GC heap before
{Heap before GC invocations=15 (full 1):
 PSYoungGen      total 112640K, used 36994K [0x00000000eab00000, 0x00000000f4b80000, 0x0000000100000000)
  eden space 101888K, 25% used [0x00000000eab00000,0x00000000ec4a0aa8,0x00000000f0e80000)
  from space 10752K, 99% used [0x00000000f0e80000,0x00000000f18ffd78,0x00000000f1900000)
  to   space 14848K, 0% used [0x00000000f3d00000,0x00000000f3d00000,0x00000000f4b80000)
 ParOldGen       total 75264K, used 14204K [0x00000000c0000000, 0x00000000c4980000, 0x00000000eab00000)
  object space 75264K, 18% used [0x00000000c0000000,0x00000000c0ddf068,0x00000000c4980000)
 Metaspace       used 34340K, capacity 35392K, committed 35416K, reserved 1079296K
  class space    used 4585K, capacity 4988K, committed 4992K, reserved 1048576K
Event: 27.627 GC heap after
Heap after GC invocations=15 (full 1):
 PSYoungGen      total 147968K, used 12125K [0x00000000eab00000, 0x00000000f5880000, 0x0000000100000000)
  eden space 133120K, 0% used [0x00000000eab00000,0x00000000eab00000,0x00000000f2d00000)
  from space 14848K, 81% used [0x00000000f3d00000,0x00000000f48d7490,0x00000000f4b80000)
  to   space 16384K, 0% used [0x00000000f2d00000,0x00000000f2d00000,0x00000000f3d00000)
 ParOldGen       total 75264K, used 14820K [0x00000000c0000000, 0x00000000c4980000, 0x00000000eab00000)
  object space 75264K, 19% used [0x00000000c0000000,0x00000000c0e79088,0x00000000c4980000)
 Metaspace       used 34340K, capacity 35392K, committed 35416K, reserved 1079296K
  class space    used 4585K, capacity 4988K, committed 4992K, reserved 1048576K
}
Event: 27.627 GC heap before
{Heap before GC invocations=16 (full 2):
 PSYoungGen      total 147968K, used 12125K [0x00000000eab00000, 0x00000000f5880000, 0x0000000100000000)
  eden space 133120K, 0% used [0x00000000eab00000,0x00000000eab00000,0x00000000f2d00000)
  from space 14848K, 81% used [0x00000000f3d00000,0x00000000f48d7490,0x00000000f4b80000)
  to   space 16384K, 0% used [0x00000000f2d00000,0x00000000f2d00000,0x00000000f3d00000)
 ParOldGen       total 75264K, used 14820K [0x00000000c0000000, 0x00000000c4980000, 0x00000000eab00000)
  object space 75264K, 19% used [0x00000000c0000000,0x00000000c0e79088,0x00000000c4980000)
 Metaspace       used 34340K, capacity 35392K, committed 35416K, reserved 1079296K
  class space    used 4585K, capacity 4988K, committed 4992K, reserved 1048576K

